<?xml version="1.0" encoding="UTF-8"?>
<!-- Generated by org.testng.reporters.JUnitReportReporter -->
<testsuite hostname="DESKTOP-73VT5SL" failures="0" tests="1" name="tests.Open_app" time="2.155" errors="0" timestamp="2023-02-08T14:12:58 IST" skipped="0">
  <testcase classname="tests.Open_app" name="openapp" time="2.155"/>
  <system-out/>
</testsuite> <!-- tests.Open_app -->
