<?xml version="1.0" encoding="UTF-8"?>
<!-- Generated by org.testng.reporters.JUnitReportReporter -->
<testsuite hostname="DESKTOP-73VT5SL" failures="0" tests="1" name="tests.Test_if_month_and_year_are_visible" time="16.435" errors="0" timestamp="2023-01-31T15:22:29 IST" skipped="0">
  <testcase classname="tests.Test_if_month_and_year_are_visible" name="testmay" time="16.435"/>
  <system-out/>
</testsuite> <!-- tests.Test_if_month_and_year_are_visible -->
