<?xml version="1.0" encoding="UTF-8"?>
<!-- Generated by org.testng.reporters.JUnitReportReporter -->
<testsuite hostname="DESKTOP-73VT5SL" failures="0" tests="6" name="tests.Tests" time="70.208" errors="0" timestamp="2023-02-09T10:46:05 IST" skipped="1">
  <testcase classname="tests.Tests" name="book_ap" time="30.913"/>
  <system-out/>
  <testcase classname="tests.Tests" name="back" time="5.210"/>
  <system-out/>
  <testcase classname="tests.Tests" name="logintest" time="11.564"/>
  <system-out/>
  <testcase classname="tests.Tests" name="logintest" time="11.194"/>
  <system-out/>
  <testcase classname="tests.Tests" name="logintest" time="11.327"/>
  <system-out/>
  <testcase classname="tests.Tests" name="createnewuser">
    <skipped/>
  </testcase> <!-- createnewuser -->
  <system-out/>
</testsuite> <!-- tests.Tests -->
